<?xml version="1.0" encoding="UTF-8"?>
<testsuite xmlns:xsi="http://www.w3.org/2001/XMLSchema-instance" xsi:noNamespaceSchemaLocation="https://maven.apache.org/surefire/maven-surefire-plugin/xsd/surefire-test-report-3.0.xsd" version="3.0" name="com.mtr.springbootcamel.SpringbootCamelApplicationTests" time="6.837" tests="1" errors="0" skipped="0" failures="0">
  <properties>
[...]
</properties>
  <testcase name="contextLoads" classname="com.mtr.springbootcamel.SpringbootCamelApplicationTests" time="1.618">
    <system-out><![CDATA[11:37:57.134 [main] INFO org.springframework.test.context.support.AnnotationConfigContextLoaderUtils -- Could not detect default configuration classes for test class [com.mtr.springbootcamel.SpringbootCamelApplicationTests]: SpringbootCamelApplicationTests does not declare any static, non-private, non-final, nested classes annotated with @Configuration.
11:37:57.350 [main] INFO org.springframework.boot.test.context.SpringBootTestContextBootstrapper -- Found @SpringBootConfiguration com.mtr.springbootcamel.SpringbootCamelApplication for test class com.mtr.springbootcamel.SpringbootCamelApplicationTests

  .   ____          _            __ _ _
 /\\ / ___'_ __ _ _(_)_ __  __ _ \ \ \ \
( ( )\___ | '_ | '_| | '_ \/ _` | \ \ \ \
 \\/  ___)| |_)| | | | | || (_| |  ) ) ) )
  '  |____| .__|_| |_|_| |_\__, | / / / /
 =========|_|==============|___/=/_/_/_/
 :: Spring Boot ::                (v3.1.3)

2023-09-08T11:37:58.141-04:00  INFO 71298 --- [           main] c.m.s.SpringbootCamelApplicationTests    : Starting SpringbootCamelApplicationTests using Java 17.0.2 with PID 71298 (started by muthahar in /Users/muthahar/Desktop/spring/springboot-camel)
2023-09-08T11:37:58.144-04:00  INFO 71298 --- [           main] c.m.s.SpringbootCamelApplicationTests    : No active profile set, falling back to 1 default profile: "default"
2023-09-08T11:38:01.794-04:00  INFO 71298 --- [           main] o.a.c.impl.engine.AbstractCamelContext   : Apache Camel 4.0.0 (camel-1) is starting
2023-09-08T11:38:01.804-04:00  INFO 71298 --- [           main] o.a.c.impl.engine.AbstractCamelContext   : Routes startup (started:0)
2023-09-08T11:38:01.805-04:00  INFO 71298 --- [           main] o.a.c.impl.engine.AbstractCamelContext   : Apache Camel 4.0.0 (camel-1) started in 7ms (build:0ms init:0ms start:7ms)
2023-09-08T11:38:01.816-04:00  INFO 71298 --- [           main] c.m.s.SpringbootCamelApplicationTests    : Started SpringbootCamelApplicationTests in 4.151 seconds (process running for 6.397)
]]></system-out>
  </testcase>
</testsuite>